TN:
SF:C:\Users\Jhonny\Desktop\South\React\github-app\src\utils\index.js
FN:3,(anonymous_0)
FN:11,(anonymous_1)
FN:13,(anonymous_2)
FN:23,(anonymous_3)
FN:29,(anonymous_4)
FN:33,(anonymous_5)
FNF:6
FNH:6
FNDA:42,(anonymous_0)
FNDA:41,(anonymous_1)
FNDA:21,(anonymous_2)
FNDA:10,(anonymous_3)
FNDA:42,(anonymous_4)
FNDA:70,(anonymous_5)
DA:3,1
DA:4,42
DA:11,41
DA:13,1
DA:14,21
DA:15,1
DA:18,20
DA:19,1
DA:22,19
DA:23,10
DA:26,14
DA:27,14
DA:29,42
DA:33,70
DA:35,14
DA:36,14
DA:38,14
DA:39,2
DA:46,14
DA:47,14
DA:49,14
DA:50,2
DA:57,14
DA:58,14
DA:60,14
DA:61,6
DA:68,14
DA:69,14
DA:71,14
DA:72,6
DA:79,14
LF:31
LH:31
BRDA:4,0,0,9
BRDA:4,0,1,33
BRDA:6,1,0,6
BRDA:6,1,1,27
BRDA:13,2,0,1
BRDA:13,3,0,2
BRDA:13,4,0,3
BRDA:14,5,0,1
BRDA:14,5,1,20
BRDA:18,6,0,1
BRDA:18,6,1,19
BRDA:22,7,0,5
BRDA:22,7,1,14
BRDA:38,8,0,2
BRDA:38,8,1,12
BRDA:49,9,0,2
BRDA:49,9,1,12
BRDA:60,10,0,6
BRDA:60,10,1,8
BRDA:71,11,0,6
BRDA:71,11,1,8
BRF:21
BRH:21
end_of_record
